<?xml version="1.0" encoding="utf-8"?><testsuites name="pytest tests"><testsuite name="pytest" errors="0" failures="0" skipped="0" tests="13" time="1.686" timestamp="2026-03-03T22:27:33.058054+00:00" hostname="agent-env-48d37912-7cd7-4500-935c-e18449849166"><testcase classname="backend.tests.test_api.TestHealthEndpoint" name="test_health_returns_200" time="0.142" /><testcase classname="backend.tests.test_api.TestContactForm" name="test_contact_valid_submission" time="0.161" /><testcase classname="backend.tests.test_api.TestContactForm" name="test_contact_minimal_fields" time="0.120" /><testcase classname="backend.tests.test_api.TestContactForm" name="test_contact_empty_name_rejected" time="0.145" /><testcase classname="backend.tests.test_api.TestContactForm" name="test_contact_invalid_email_rejected" time="0.112" /><testcase classname="backend.tests.test_api.TestContactForm" name="test_contact_empty_message_rejected" time="0.115" /><testcase classname="backend.tests.test_api.TestRequestProposal" name="test_proposal_valid_submission" time="0.123" /><testcase classname="backend.tests.test_api.TestRequestProposal" name="test_proposal_minimal_fields" time="0.129" /><testcase classname="backend.tests.test_api.TestRequestProposal" name="test_proposal_empty_name_rejected" time="0.112" /><testcase classname="backend.tests.test_api.TestRequestProposal" name="test_proposal_invalid_email_rejected" time="0.117" /><testcase classname="backend.tests.test_api.TestRequestProposal" name="test_proposal_empty_organization_rejected" time="0.114" /><testcase classname="backend.tests.test_api.TestRequestProposal" name="test_proposal_empty_description_rejected" time="0.111" /><testcase classname="backend.tests.test_api.TestCORSHeaders" name="test_cors_preflight" time="0.125" /></testsuite></testsuites>